[non-job]: 2019-05-13 01:53:39 INFO - Starting execution.
[non-job]: 2019-05-13 01:53:39 INFO - Version: Norconex Filesystem Collector 2.8.0 (Norconex Inc.)
[non-job]: 2019-05-13 01:53:39 INFO - Version: Norconex Collector Core 1.9.0 (Norconex Inc.)
[non-job]: 2019-05-13 01:53:39 INFO - Version: Norconex Importer 2.8.0 (Norconex Inc.)
[non-job]: 2019-05-13 01:53:39 INFO - Version: Norconex JEF 4.1.0 (Norconex Inc.)
[non-job]: 2019-05-13 01:53:39 INFO - Version: Norconex Committer Core 2.1.2 (Norconex Inc.)
MyFilesystemCrawler: 2019-05-13 01:53:39 INFO - Running MyFilesystemCrawler: BEGIN (Mon May 13 01:53:39 ICT 2019)
MyFilesystemCrawler: 2019-05-13 01:53:39 INFO - Using "C:\Users\chungho\AppData\Local\Temp\vfs_cache" as temporary files store.
MyFilesystemCrawler: 2019-05-13 01:53:39 INFO - 1 start paths identified.
MyFilesystemCrawler: 2019-05-13 01:53:39 INFO -           CRAWLER_STARTED
MyFilesystemCrawler: 2019-05-13 01:53:39 INFO - MyFilesystemCrawler: Crawling references...
MyFilesystemCrawler: 2019-05-13 01:53:39 INFO - DOCUMENT_METADATA_FETCHED: F:\oasp\Web-Content-Crawler\filesystem-collector-resources\demo.txt
MyFilesystemCrawler: 2019-05-13 01:53:39 INFO -          DOCUMENT_FETCHED: F:\oasp\Web-Content-Crawler\filesystem-collector-resources\demo.txt
MyFilesystemCrawler: 2019-05-13 01:53:39 INFO -         DOCUMENT_IMPORTED: F:\oasp\Web-Content-Crawler\filesystem-collector-resources\demo.txt
MyFilesystemCrawler: 2019-05-13 01:53:39 INFO -    DOCUMENT_COMMITTED_ADD: F:\oasp\Web-Content-Crawler\filesystem-collector-resources\demo.txt
MyFilesystemCrawler: 2019-05-13 01:53:39 INFO - MyFilesystemCrawler: Reprocessing any cached/orphan references...
MyFilesystemCrawler: 2019-05-13 01:53:39 INFO - MyFilesystemCrawler: 1 reference(s) processed.
MyFilesystemCrawler: 2019-05-13 01:53:39 INFO -          CRAWLER_FINISHED
MyFilesystemCrawler: 2019-05-13 01:53:39 INFO - MyFilesystemCrawler: Crawler completed.
MyFilesystemCrawler: 2019-05-13 01:53:39 INFO - MyFilesystemCrawler: Crawler executed in 0 second.
MyFilesystemCrawler: 2019-05-13 01:53:39 INFO - Running MyFilesystemCrawler: END (Mon May 13 01:53:39 ICT 2019)
